<?xml version="1.0" encoding="UTF-8"?>
<!-- Generated by org.testng.reporters.JUnitReportReporter -->
<testsuite skipped="0" hostname="ip-172-31-84-29" name="testngdemo.CBT" tests="6" failures="0" timestamp="2021-11-17T11:13:36 UTC" time="0.506" errors="0">
  <testcase name="Verifytext" time="0.107" classname="testngdemo.CBT"/>
  <system-out/>
  <testcase name="Verifytext" time="0.031" classname="testngdemo.CBT"/>
  <system-out/>
  <testcase name="VerifySignInbtnisEnabled" time="0.123" classname="testngdemo.CBT"/>
  <system-out/>
  <testcase name="titleVerification" time="0.008" classname="testngdemo.CBT"/>
  <system-out/>
  <testcase name="titleVerification" time="0.022" classname="testngdemo.CBT"/>
  <system-out/>
  <testcase name="VerifySignInbtnisEnabled" time="0.215" classname="testngdemo.CBT"/>
  <system-out/>
</testsuite> <!-- testngdemo.CBT -->
