<?xml version="1.0" encoding="UTF-8"?>
<!-- Generated by org.testng.reporters.JUnitReportReporter -->
<testsuite skipped="0" hostname="ip-172-31-84-29" name="testngdemo.Explicitdemo" tests="1" failures="0" timestamp="2021-11-17T11:21:12 UTC" time="5.320" errors="0">
  <testcase name="titleVerification" time="5.320" classname="testngdemo.Explicitdemo"/>
  <system-out/>
</testsuite> <!-- testngdemo.Explicitdemo -->
