<?xml version="1.0" encoding="UTF-8"?>
<!-- Generated by org.testng.reporters.JUnitReportReporter -->
<testsuite skipped="0" hostname="ip-172-31-84-29" name="testngdemo.Verifytitle" tests="1" failures="0" timestamp="2021-11-17T11:21:12 UTC" time="0.114" errors="0">
  <testcase name="titleVerification" time="0.114" classname="testngdemo.Verifytitle"/>
  <system-out/>
</testsuite> <!-- testngdemo.Verifytitle -->
