<?xml version="1.0" encoding="UTF-8"?>
<!-- Generated by org.testng.reporters.JUnitReportReporter -->
<testsuite skipped="0" hostname="ip-172-31-84-29" name="demo.Verifytitle" tests="1" failures="0" timestamp="2021-11-16T09:29:34 UTC" time="0.134" errors="0">
  <testcase name="titleVerification" time="0.134" classname="demo.Verifytitle"/>
</testsuite> <!-- demo.Verifytitle -->
