<?xml version="1.0" encoding="UTF-8"?>
<!-- Generated by org.testng.reporters.JUnitReportReporter -->
<testsuite skipped="0" hostname="ip-172-31-84-29" name="in.amazon.testscripts.InvalidUserTest" tests="1" failures="0" timestamp="2021-11-15T03:52:17 UTC" time="2.443" errors="0">
  <testcase name="InvalidUserShouldNotBeAbleToLogin" time="2.443" classname="in.amazon.testscripts.InvalidUserTest"/>
  <system-out/>
</testsuite> <!-- in.amazon.testscripts.InvalidUserTest -->
