<?xml version="1.0" encoding="UTF-8"?>
<!-- Generated by org.testng.reporters.JUnitReportReporter -->
<testsuite skipped="0" hostname="ip-172-31-84-29" name="in.amazon.testscripts.BuyMobilePhoneTest" tests="1" failures="0" timestamp="2021-11-15T03:51:04 UTC" time="7.342" errors="0">
  <testcase name="buyMobile" time="7.342" classname="in.amazon.testscripts.BuyMobilePhoneTest"/>
  <system-out/>
</testsuite> <!-- in.amazon.testscripts.BuyMobilePhoneTest -->
