<?xml version="1.0" encoding="UTF-8"?>
<!-- Generated by org.testng.reporters.JUnitReportReporter -->
<testsuite skipped="0" hostname="ip-172-31-84-29" name="testngdemo.Firefox" tests="1" failures="0" timestamp="2021-11-17T10:59:54 UTC" time="3.377" errors="0">
  <testcase name="openBrowser" time="3.377" classname="testngdemo.Firefox"/>
  <system-out/>
</testsuite> <!-- testngdemo.Firefox -->
