<?xml version="1.0" encoding="UTF-8"?>
<!-- Generated by org.testng.reporters.JUnitReportReporter -->
<testsuite skipped="0" hostname="ip-172-31-84-29" name="testngdemo.Firefox" tests="1" failures="0" timestamp="2021-10-28T10:31:59 UTC" time="2.503" errors="0">
  <testcase name="openBrowser" time="2.503" classname="testngdemo.Firefox"/>
  <system-out/>
</testsuite> <!-- testngdemo.Firefox -->
