<?xml version="1.0" encoding="UTF-8"?>
<!-- Generated by org.testng.reporters.JUnitReportReporter -->
<testsuite skipped="0" hostname="ip-172-31-84-29" name="testngdemo.MultipleValidations" tests="3" failures="0" timestamp="2021-10-25T12:47:02 UTC" time="0.050" errors="0">
  <testcase name="VerifySignInbtnisEnabled" time="0.023" classname="testngdemo.MultipleValidations"/>
  <system-out/>
  <testcase name="Verifytext" time="0.023" classname="testngdemo.MultipleValidations"/>
  <system-out/>
  <testcase name="titleVerification" time="0.004" classname="testngdemo.MultipleValidations"/>
  <system-out/>
</testsuite> <!-- testngdemo.MultipleValidations -->
