<?xml version="1.0" encoding="UTF-8"?>
<!-- Generated by org.testng.reporters.JUnitReportReporter -->
<testsuite skipped="0" hostname="ip-172-31-84-29" name="testngdemo.CBT" tests="6" failures="0" timestamp="2021-11-09T04:18:18 UTC" time="0.578" errors="0">
  <testcase name="titleVerification" time="0.019" classname="testngdemo.CBT"/>
  <system-out/>
  <testcase name="VerifySignInbtnisEnabled" time="0.130" classname="testngdemo.CBT"/>
  <system-out/>
  <testcase name="Verifytext" time="0.124" classname="testngdemo.CBT"/>
  <system-out/>
  <testcase name="titleVerification" time="0.008" classname="testngdemo.CBT"/>
  <system-out/>
  <testcase name="VerifySignInbtnisEnabled" time="0.250" classname="testngdemo.CBT"/>
  <system-out/>
  <testcase name="Verifytext" time="0.047" classname="testngdemo.CBT"/>
  <system-out/>
</testsuite> <!-- testngdemo.CBT -->
