<?xml version="1.0" encoding="UTF-8"?>
<!-- Generated by org.testng.reporters.JUnitReportReporter -->
<testsuite skipped="0" hostname="ip-172-31-84-29" name="testngdemo.GridDemo" tests="1" failures="0" timestamp="2021-10-28T11:09:26 UTC" time="0.162" errors="0">
  <testcase name="titleVerification" time="0.162" classname="testngdemo.GridDemo"/>
  <system-out/>
</testsuite> <!-- testngdemo.GridDemo -->
